<?xml version="1.0" encoding="UTF-8"?>
<!-- Generated by org.testng.reporters.JUnitReportReporter -->
<testsuite hostname="DESKTOP-R3EO13O" failures="0" tests="2" name="testCases.LoginTest" time="22.080" errors="0" timestamp="2025-06-22T17:35:19 IST" skipped="0">
  <testcase classname="testCases.LoginTest" name="loginWithValidCredentials" time="13.264"/>
  <testcase classname="testCases.LoginTest" name="loginWithInvalidCredentials" time="8.816"/>
</testsuite> <!-- testCases.LoginTest -->
