<?xml version="1.0" encoding="UTF-8"?>
<!-- Generated by org.testng.reporters.JUnitReportReporter -->
<testsuite hostname="DESKTOP-R3EO13O" failures="0" tests="3" name="testCases.DataDrivenLoginTest" time="29.178" errors="0" timestamp="2025-06-26T17:41:31 IST" skipped="0">
  <testcase classname="testCases.DataDrivenLoginTest" name="verifyLogin" time="12.010"/>
  <testcase classname="testCases.DataDrivenLoginTest" name="verifyLogin" time="7.912"/>
  <testcase classname="testCases.DataDrivenLoginTest" name="verifyLogin" time="9.256"/>
</testsuite> <!-- testCases.DataDrivenLoginTest -->
